<?xml version="1.0" encoding="UTF-8"?>
<testng-results ignored="0" total="8" passed="8" failed="0" skipped="0">
  <reporter-output>
  </reporter-output>
  <suite started-at="2023-07-21T17:12:20 IST" name="Default suite" finished-at="2023-07-21T17:12:47 IST" duration-ms="27664">
    <groups>
    </groups>
    <test started-at="2023-07-21T17:12:20 IST" name="Default test" finished-at="2023-07-21T17:12:47 IST" duration-ms="27664">
      <class name="TestTitle">
        <test-method is-config="true" signature="beforeMethod()[pri:0, instance:TestTitle@34e9fd99]" started-at="2023-07-21T17:12:20 IST" name="beforeMethod" finished-at="2023-07-21T17:12:38 IST" duration-ms="17993" status="PASS">
          <reporter-output>
          </reporter-output>
        </test-method> <!-- beforeMethod -->
        <test-method signature="f1()[pri:0, instance:TestTitle@34e9fd99]" started-at="2023-07-21T17:12:38 IST" name="f1" finished-at="2023-07-21T17:12:38 IST" duration-ms="146" status="PASS">
          <reporter-output>
          </reporter-output>
        </test-method> <!-- f1 -->
        <test-method signature="f2()[pri:0, instance:TestTitle@34e9fd99]" started-at="2023-07-21T17:12:38 IST" name="f2" finished-at="2023-07-21T17:12:41 IST" duration-ms="2901" status="PASS">
          <reporter-output>
          </reporter-output>
        </test-method> <!-- f2 -->
        <test-method signature="f3()[pri:0, instance:TestTitle@34e9fd99]" started-at="2023-07-21T17:12:41 IST" name="f3" finished-at="2023-07-21T17:12:42 IST" duration-ms="939" status="PASS">
          <reporter-output>
          </reporter-output>
        </test-method> <!-- f3 -->
        <test-method signature="f4()[pri:0, instance:TestTitle@34e9fd99]" started-at="2023-07-21T17:12:42 IST" name="f4" finished-at="2023-07-21T17:12:43 IST" duration-ms="1172" status="PASS">
          <reporter-output>
          </reporter-output>
        </test-method> <!-- f4 -->
        <test-method signature="f5()[pri:0, instance:TestTitle@34e9fd99]" started-at="2023-07-21T17:12:43 IST" name="f5" finished-at="2023-07-21T17:12:44 IST" duration-ms="887" status="PASS">
          <reporter-output>
          </reporter-output>
        </test-method> <!-- f5 -->
        <test-method signature="f6()[pri:0, instance:TestTitle@34e9fd99]" started-at="2023-07-21T17:12:44 IST" name="f6" finished-at="2023-07-21T17:12:45 IST" duration-ms="1155" status="PASS">
          <reporter-output>
          </reporter-output>
        </test-method> <!-- f6 -->
        <test-method signature="f7()[pri:0, instance:TestTitle@34e9fd99]" started-at="2023-07-21T17:12:45 IST" name="f7" finished-at="2023-07-21T17:12:46 IST" duration-ms="1207" status="PASS">
          <reporter-output>
          </reporter-output>
        </test-method> <!-- f7 -->
        <test-method signature="f8()[pri:0, instance:TestTitle@34e9fd99]" started-at="2023-07-21T17:12:46 IST" name="f8" finished-at="2023-07-21T17:12:47 IST" duration-ms="1177" status="PASS">
          <reporter-output>
          </reporter-output>
        </test-method> <!-- f8 -->
        <test-method is-config="true" signature="afterMethod()[pri:0, instance:TestTitle@34e9fd99]" started-at="2023-07-21T17:12:47 IST" name="afterMethod" finished-at="2023-07-21T17:12:47 IST" duration-ms="0" status="PASS">
          <reporter-output>
          </reporter-output>
        </test-method> <!-- afterMethod -->
      </class> <!-- TestTitle -->
    </test> <!-- Default test -->
  </suite> <!-- Default suite -->
</testng-results>
