<?xml version="1.0" encoding="UTF-8"?>
<!-- Generated by org.testng.reporters.JUnitXMLReporter -->
<testsuite ignored="0" hostname="Savindu" failures="0" tests="8" name="Default test" time="27.664" errors="0" timestamp="2023-07-21T17:12:47 IST">
  <testcase classname="TestTitle" name="f1" time="0.146"/>
  <testcase classname="TestTitle" name="f2" time="2.901"/>
  <testcase classname="TestTitle" name="f3" time="0.939"/>
  <testcase classname="TestTitle" name="f4" time="1.172"/>
  <testcase classname="TestTitle" name="f5" time="0.887"/>
  <testcase classname="TestTitle" name="f6" time="1.155"/>
  <testcase classname="TestTitle" name="f7" time="1.207"/>
  <testcase classname="TestTitle" name="f8" time="1.177"/>
</testsuite> <!-- Default test -->
