<?xml version="1.0" encoding="UTF-8"?>
<!-- Generated by org.testng.reporters.JUnitXMLReporter -->
<testsuite ignored="0" hostname="Savindu" failures="0" tests="11" name="Default test" time="29.512" errors="0" timestamp="2023-07-23T02:37:52 IST">
  <testcase classname="TestTitle" name="f1" time="0.095"/>
  <testcase classname="TestTitle" name="f2" time="1.51"/>
  <testcase classname="TestTitle" name="f3" time="1.033"/>
  <testcase classname="TestTitle" name="f4" time="1.08"/>
  <testcase classname="TestTitle" name="f5" time="0.858"/>
  <testcase classname="TestTitle" name="f6" time="1.446"/>
  <testcase classname="TestTitle" name="f7" time="1.168"/>
  <testcase classname="TestTitle" name="f8" time="1.239"/>
  <testcase classname="TestTitle" name="f9" time="2.527"/>
  <testcase classname="TestTitle" name="testInvalidLogin" time="2.42"/>
  <testcase classname="TestTitle" name="testValidLogin" time="2.796"/>
</testsuite> <!-- Default test -->
