<?xml version="1.0" encoding="UTF-8"?>
<!-- Generated by org.testng.reporters.JUnitXMLReporter -->
<testsuite ignored="0" hostname="Savindu" failures="0" tests="11" name="Default test" time="32.49" errors="0" timestamp="2023-07-23T01:58:19 IST">
  <testcase classname="TestTitle" name="f1" time="0.119"/>
  <testcase classname="TestTitle" name="f2" time="1.747"/>
  <testcase classname="TestTitle" name="f3" time="0.903"/>
  <testcase classname="TestTitle" name="f4" time="1.065"/>
  <testcase classname="TestTitle" name="f5" time="0.873"/>
  <testcase classname="TestTitle" name="f6" time="1.302"/>
  <testcase classname="TestTitle" name="f7" time="1.117"/>
  <testcase classname="TestTitle" name="f8" time="1.195"/>
  <testcase classname="TestTitle" name="f9" time="2.639"/>
  <testcase classname="TestTitle" name="testInvalidLogin" time="2.519"/>
  <testcase classname="TestTitle" name="testValidLogin" time="2.722"/>
</testsuite> <!-- Default test -->
