<?xml version="1.0" encoding="UTF-8"?>
<testng-results ignored="0" total="11" passed="11" failed="0" skipped="0">
  <reporter-output>
  </reporter-output>
  <suite started-at="2023-07-23T02:37:23 IST" name="Default suite" finished-at="2023-07-23T02:37:52 IST" duration-ms="29512">
    <groups>
    </groups>
    <test started-at="2023-07-23T02:37:23 IST" name="Default test" finished-at="2023-07-23T02:37:52 IST" duration-ms="29512">
      <class name="TestTitle">
        <test-method is-config="true" signature="beforeMethod()[pri:0, instance:TestTitle@702657cc]" started-at="2023-07-23T02:37:23 IST" name="beforeMethod" finished-at="2023-07-23T02:37:36 IST" duration-ms="13196" status="PASS">
          <reporter-output>
          </reporter-output>
        </test-method> <!-- beforeMethod -->
        <test-method signature="f1()[pri:0, instance:TestTitle@702657cc]" started-at="2023-07-23T02:37:36 IST" name="f1" finished-at="2023-07-23T02:37:36 IST" duration-ms="95" status="PASS">
          <reporter-output>
          </reporter-output>
        </test-method> <!-- f1 -->
        <test-method signature="f2()[pri:0, instance:TestTitle@702657cc]" started-at="2023-07-23T02:37:36 IST" name="f2" finished-at="2023-07-23T02:37:38 IST" duration-ms="1510" status="PASS">
          <reporter-output>
          </reporter-output>
        </test-method> <!-- f2 -->
        <test-method signature="f3()[pri:0, instance:TestTitle@702657cc]" started-at="2023-07-23T02:37:38 IST" name="f3" finished-at="2023-07-23T02:37:39 IST" duration-ms="1033" status="PASS">
          <reporter-output>
          </reporter-output>
        </test-method> <!-- f3 -->
        <test-method signature="f4()[pri:0, instance:TestTitle@702657cc]" started-at="2023-07-23T02:37:39 IST" name="f4" finished-at="2023-07-23T02:37:40 IST" duration-ms="1080" status="PASS">
          <reporter-output>
          </reporter-output>
        </test-method> <!-- f4 -->
        <test-method signature="f5()[pri:0, instance:TestTitle@702657cc]" started-at="2023-07-23T02:37:40 IST" name="f5" finished-at="2023-07-23T02:37:41 IST" duration-ms="858" status="PASS">
          <reporter-output>
          </reporter-output>
        </test-method> <!-- f5 -->
        <test-method signature="f6()[pri:0, instance:TestTitle@702657cc]" started-at="2023-07-23T02:37:41 IST" name="f6" finished-at="2023-07-23T02:37:42 IST" duration-ms="1446" status="PASS">
          <reporter-output>
          </reporter-output>
        </test-method> <!-- f6 -->
        <test-method signature="f7()[pri:0, instance:TestTitle@702657cc]" started-at="2023-07-23T02:37:42 IST" name="f7" finished-at="2023-07-23T02:37:43 IST" duration-ms="1168" status="PASS">
          <reporter-output>
          </reporter-output>
        </test-method> <!-- f7 -->
        <test-method signature="f8()[pri:0, instance:TestTitle@702657cc]" started-at="2023-07-23T02:37:43 IST" name="f8" finished-at="2023-07-23T02:37:45 IST" duration-ms="1239" status="PASS">
          <reporter-output>
          </reporter-output>
        </test-method> <!-- f8 -->
        <test-method signature="f9()[pri:0, instance:TestTitle@702657cc]" started-at="2023-07-23T02:37:45 IST" name="f9" finished-at="2023-07-23T02:37:47 IST" duration-ms="2527" status="PASS">
          <reporter-output>
          </reporter-output>
        </test-method> <!-- f9 -->
        <test-method signature="testInvalidLogin()[pri:0, instance:TestTitle@702657cc]" started-at="2023-07-23T02:37:47 IST" name="testInvalidLogin" finished-at="2023-07-23T02:37:49 IST" duration-ms="2420" status="PASS">
          <reporter-output>
          </reporter-output>
        </test-method> <!-- testInvalidLogin -->
        <test-method signature="testValidLogin()[pri:0, instance:TestTitle@702657cc]" started-at="2023-07-23T02:37:49 IST" name="testValidLogin" finished-at="2023-07-23T02:37:52 IST" duration-ms="2796" status="PASS">
          <reporter-output>
          </reporter-output>
        </test-method> <!-- testValidLogin -->
        <test-method is-config="true" signature="afterMethod()[pri:0, instance:TestTitle@702657cc]" started-at="2023-07-23T02:37:52 IST" name="afterMethod" finished-at="2023-07-23T02:37:52 IST" duration-ms="1" status="PASS">
          <reporter-output>
          </reporter-output>
        </test-method> <!-- afterMethod -->
      </class> <!-- TestTitle -->
    </test> <!-- Default test -->
  </suite> <!-- Default suite -->
</testng-results>
