<?xml version="1.0" encoding="UTF-8"?>
<testng-results ignored="0" total="11" passed="11" failed="0" skipped="0">
  <reporter-output>
  </reporter-output>
  <suite started-at="2023-07-23T09:42:00 IST" name="Default suite" finished-at="2023-07-23T09:42:34 IST" duration-ms="33509">
    <groups>
    </groups>
    <test started-at="2023-07-23T09:42:00 IST" name="Default test" finished-at="2023-07-23T09:42:34 IST" duration-ms="33509">
      <class name="TestTitle">
        <test-method is-config="true" signature="beforeMethod()[pri:0, instance:TestTitle@702657cc]" started-at="2023-07-23T09:42:00 IST" name="beforeMethod" finished-at="2023-07-23T09:42:15 IST" duration-ms="14925" status="PASS">
          <reporter-output>
          </reporter-output>
        </test-method> <!-- beforeMethod -->
        <test-method signature="f1()[pri:0, instance:TestTitle@702657cc]" started-at="2023-07-23T09:42:15 IST" name="f1" finished-at="2023-07-23T09:42:15 IST" duration-ms="90" status="PASS">
          <reporter-output>
          </reporter-output>
        </test-method> <!-- f1 -->
        <test-method signature="f2()[pri:0, instance:TestTitle@702657cc]" started-at="2023-07-23T09:42:15 IST" name="f2" finished-at="2023-07-23T09:42:18 IST" duration-ms="2962" status="PASS">
          <reporter-output>
          </reporter-output>
        </test-method> <!-- f2 -->
        <test-method signature="f3()[pri:0, instance:TestTitle@702657cc]" started-at="2023-07-23T09:42:18 IST" name="f3" finished-at="2023-07-23T09:42:20 IST" duration-ms="1176" status="PASS">
          <reporter-output>
          </reporter-output>
        </test-method> <!-- f3 -->
        <test-method signature="f4()[pri:0, instance:TestTitle@702657cc]" started-at="2023-07-23T09:42:20 IST" name="f4" finished-at="2023-07-23T09:42:21 IST" duration-ms="1105" status="PASS">
          <reporter-output>
          </reporter-output>
        </test-method> <!-- f4 -->
        <test-method signature="f5()[pri:0, instance:TestTitle@702657cc]" started-at="2023-07-23T09:42:21 IST" name="f5" finished-at="2023-07-23T09:42:22 IST" duration-ms="906" status="PASS">
          <reporter-output>
          </reporter-output>
        </test-method> <!-- f5 -->
        <test-method signature="f6()[pri:0, instance:TestTitle@702657cc]" started-at="2023-07-23T09:42:22 IST" name="f6" finished-at="2023-07-23T09:42:23 IST" duration-ms="1445" status="PASS">
          <reporter-output>
          </reporter-output>
        </test-method> <!-- f6 -->
        <test-method signature="f7()[pri:0, instance:TestTitle@702657cc]" started-at="2023-07-23T09:42:23 IST" name="f7" finished-at="2023-07-23T09:42:24 IST" duration-ms="1216" status="PASS">
          <reporter-output>
          </reporter-output>
        </test-method> <!-- f7 -->
        <test-method signature="f8()[pri:0, instance:TestTitle@702657cc]" started-at="2023-07-23T09:42:24 IST" name="f8" finished-at="2023-07-23T09:42:26 IST" duration-ms="1220" status="PASS">
          <reporter-output>
          </reporter-output>
        </test-method> <!-- f8 -->
        <test-method signature="f9()[pri:0, instance:TestTitle@702657cc]" started-at="2023-07-23T09:42:26 IST" name="f9" finished-at="2023-07-23T09:42:29 IST" duration-ms="2999" status="PASS">
          <reporter-output>
          </reporter-output>
        </test-method> <!-- f9 -->
        <test-method signature="testInvalidLogin()[pri:0, instance:TestTitle@702657cc]" started-at="2023-07-23T09:42:29 IST" name="testInvalidLogin" finished-at="2023-07-23T09:42:31 IST" duration-ms="2520" status="PASS">
          <reporter-output>
          </reporter-output>
        </test-method> <!-- testInvalidLogin -->
        <test-method signature="testValidLogin()[pri:0, instance:TestTitle@702657cc]" started-at="2023-07-23T09:42:31 IST" name="testValidLogin" finished-at="2023-07-23T09:42:34 IST" duration-ms="2810" status="PASS">
          <reporter-output>
          </reporter-output>
        </test-method> <!-- testValidLogin -->
        <test-method is-config="true" signature="afterMethod()[pri:0, instance:TestTitle@702657cc]" started-at="2023-07-23T09:42:34 IST" name="afterMethod" finished-at="2023-07-23T09:42:34 IST" duration-ms="1" status="PASS">
          <reporter-output>
          </reporter-output>
        </test-method> <!-- afterMethod -->
      </class> <!-- TestTitle -->
    </test> <!-- Default test -->
  </suite> <!-- Default suite -->
</testng-results>
